2020-5-7 22:26:s
Chat log 2020-5-7 22:28:s (undefined): ss
[2020-5-7 22:31:s] ClosenessBot has startedChat log 
2020-5-7 22:31:s (Ur stepfather): hes
[2020-5-7 22:34:s] ClosenessBot has started[2020-5-7 22:35:s] ClosenessBot has startedChat log [2020-5-7 22:35:s][undefined] [Ur stepfather]: s
[2020-5-7 22:49:s] ClosenessBot has started[2020-5-7 22:54:s] ClosenessBot has startedChat log [2020-5-7 22:54:s][undefined] [Ur stepfather]: s
[2020-5-7 22:55:s] ClosenessBot has started[2020-5-7 22:56:s] ClosenessBot has startedChat log [2020-5-7 22:56:s][undefined] [undefined]: undefined
[2020-5-7 22:57:s] ClosenessBot has startedChat log [2020-5-7 22:57:s][700110963176636578] [Ur stepfather]: s
[2020-5-7 22:58:s] ClosenessBot has started[2020-5-7 22:58:s] ClosenessBot has started
Chat log [2020-5-7 22:58:s][Stepfather BotTester] [Ur stepfather]: s
[2020-5-7 23:13:s] ClosenessBot has started
Chat log [2020-5-7 23:13:s][Stepfather BotTester] [Ur stepfather]: !rand
Chat log [2020-5-7 23:13:s][Stepfather BotTester] [Ur stepfather]: !rand 10
Chat log [2020-5-7 23:13:s][Stepfather BotTester] [Ur stepfather]: !rand 10
[2020-5-7 23:15:s] ClosenessBot has started
Chat log [2020-5-7 23:15:s][Stepfather BotTester] [Ur stepfather]: !rand 10
Chat log [2020-5-7 23:15:s][Stepfather BotTester] [Ur stepfather]: !rand 10
[2020-5-7 23:15:s] ClosenessBot has started
Chat log [2020-5-7 23:15:s][Stepfather BotTester] [Ur stepfather]: !rand 10
[2020-5-7 23:16:s] ClosenessBot has started
Chat log [2020-5-7 23:16:s][Stepfather BotTester] [Ur stepfather]: !rand 10
Chat log [2020-5-7 23:16:s][Stepfather BotTester] [ClosenessBot]: Value from 0 to 10 - 0
[2020-5-7 23:17:s] ClosenessBot has started
Chat log [2020-5-7 23:17:s][Stepfather BotTester] [Ur stepfather]: !rand 10
[2020-5-7 23:22:s] ClosenessBot has started
Chat log [2020-5-7 23:22:s][Stepfather BotTester] [Ur stepfather]: !rand 10
Chat log [2020-5-7 23:22:s][Stepfather BotTester] [ClosenessBot]: Value from 0 to 10 - 6
Chat log [2020-5-7 23:22:s][Stepfather BotTester] [Ur stepfather]: !helpp
Chat log [2020-5-7 23:22:s][Stepfather BotTester] [ClosenessBot]: Error. Enter another value, this value so long
Chat log [2020-5-7 23:22:s][Stepfather BotTester] [Ur stepfather]: !helpp
Chat log [2020-5-7 23:22:s][Stepfather BotTester] [ClosenessBot]: Error. Enter another value, this value so long
[2020-5-7 23:26:s] ClosenessBot has started
Chat log [2020-5-7 23:26:s][Stepfather BotTester] [Ur stepfather]: !helpp
[2020-5-7 23:26:s] ClosenessBot has started
Chat log [2020-5-7 23:26:s][Stepfather BotTester] [Ur stepfather]: !helpp
Chat log [2020-5-7 23:26:s][Stepfather BotTester] [Ur stepfather]: !help
Chat log [2020-5-7 23:26:s][Stepfather BotTester] [Ur stepfather]: !join
Chat log [2020-5-7 23:26:s][Stepfather BotTester] [Ur stepfather]: !rand
[2020-5-7 23:27:s] ClosenessBot has started
Chat log [2020-5-7 23:27:s][Stepfather BotTester] [Ur stepfather]: !rand
[2020-5-7 23:29:s] ClosenessBot has started
Chat log [2020-5-7 23:29:s][Stepfather BotTester] [Ur stepfather]: s
Chat log [2020-5-7 23:29:s][Stepfather BotTester] [Ur stepfather]: !rand
Chat log [2020-5-7 23:29:s][Stepfather BotTester] [Ur stepfather]: !rand 10
[2020-5-7 23:29:s] ClosenessBot has started
Chat log [2020-5-7 23:29:s][Stepfather BotTester] [Ur stepfather]: !rand 10
Chat log [2020-5-7 23:29:s][Stepfather BotTester] [ClosenessBot]: Value from 0 to 10 - 3
Chat log [2020-5-7 23:29:s][Stepfather BotTester] [Ur stepfather]: !help
[2020-5-7 23:30:s] ClosenessBot has started
Chat log [2020-5-7 23:30:s][Stepfather BotTester] [Ur stepfather]: !rand 10
Chat log [2020-5-7 23:30:s][Stepfather BotTester] [ClosenessBot]: Value from 0 to 10 - 0
[2020-5-7 23:31:s] ClosenessBot has started
Chat log [2020-5-7 23:31:s][Stepfather BotTester] [Ur stepfather]: !rand 10
Chat log [2020-5-7 23:31:s][Stepfather BotTester] [ClosenessBot]: Value from 0 to 10 - 7
[2020-5-7 23:31:s] ClosenessBot has started
Chat log [2020-5-7 23:31:s][Stepfather BotTester] [Ur stepfather]: !help
Chat log [2020-5-7 23:31:s][Stepfather BotTester] [ClosenessBot]: 
[2020-5-7 23:36:s] ClosenessBot has started
[2020-5-7 23:37:s] ClosenessBot has started
[2020-5-7 23:38:s] ClosenessBot has started
Chat log [2020-5-7 23:38:s][Stepfather BotTester] [Ur stepfather]: s
[2020-5-7 23:39:s] ClosenessBot has started
[2020-5-7 23:39:s] ClosenessBot has started
Chat log [2020-5-7 23:39:s][Stepfather BotTester] [Ur stepfather]: s
[2020-5-7 23:59:s] ClosenessBot has started
[2020-5-8 0:00:s] ClosenessBot has started
Chat log [2020-5-8 0:00:41][Stepfather BotTester] [Ur stepfather]: sda
[2020-5-8 0:02:s] ClosenessBot has started
[2020-5-8 0:22:s] ClosenessBot has started
Chat log [2020-5-8 0:22:54][Stepfather BotTester] [Ur stepfather]: s
Chat log [2020-5-8 0:22:54][Stepfather BotTester] [Ur stepfather]: 4ping
[2020-5-8 0:23:s] ClosenessBot has started
Chat log [2020-5-8 0:23:33][Stepfather BotTester] [Ur stepfather]: 4ping
Chat log [2020-5-8 0:23:33][Stepfather BotTester] [ClosenessBot]: lol
Chat log [2020-5-8 0:23:33][Stepfather BotTester] [Ur stepfather]: 4ping
Chat log [2020-5-8 0:23:33][Stepfather BotTester] [ClosenessBot]: lol
Chat log [2020-5-8 0:23:33][Stepfather BotTester] [Ur stepfather]: 4ping
Chat log [2020-5-8 0:23:33][Stepfather BotTester] [ClosenessBot]: lol
Chat log [2020-5-8 0:23:33][Stepfather BotTester] [Ur stepfather]: 4ping
Chat log [2020-5-8 0:23:33][Stepfather BotTester] [ClosenessBot]: lol
Chat log [2020-5-8 0:23:33][Stepfather BotTester] [Ur stepfather]: 4ping
Chat log [2020-5-8 0:23:33][Stepfather BotTester] [ClosenessBot]: lol
Chat log [2020-5-8 0:23:33][Stepfather BotTester] [Ur stepfather]: 4ping
Chat log [2020-5-8 0:23:33][Stepfather BotTester] [ClosenessBot]: lol
Chat log [2020-5-8 0:23:33][Stepfather BotTester] [Ur stepfather]: 4ping
Chat log [2020-5-8 0:23:33][Stepfather BotTester] [ClosenessBot]: lol
[2020-5-8 0:37:s] ClosenessBot has started
Chat log [2020-5-8 0:37:54][Stepfather BotTester] [Ur stepfather]: !purge
Chat log [2020-5-8 0:37:54][Stepfather BotTester] [Ur stepfather]: !purge 10
[2020-5-8 0:38:s] ClosenessBot has started
Chat log [2020-5-8 0:38:58][Stepfather BotTester] [Ur stepfather]: !purge 10
Chat log [2020-5-8 0:38:58][Stepfather BotTester] [Ur stepfather]: !purge 10
[2020-5-8 0:41:s] ClosenessBot has started
Chat log [2020-5-8 0:41:19][Stepfather BotTester] [Ur stepfather]: !join
Chat log [2020-5-8 0:41:19][Stepfather BotTester] [Ur stepfather]: !join
[2020-5-8 0:42:s] ClosenessBot has started
Chat log [2020-5-8 0:42:1][Stepfather BotTester] [Ur stepfather]: !join
Chat log [2020-5-8 0:42:1][Stepfather BotTester] [Ur stepfather]: js
Chat log [2020-5-8 0:42:1][Stepfather BotTester] [Ur stepfather]: !join
[2020-5-8 0:48:s] ClosenessBot has started
Chat log [2020-5-8 0:48:20][Stepfather BotTester] [Ur stepfather]: !join
Chat log [2020-5-8 0:48:20][Stepfather BotTester] [ClosenessBot]: <@295862909714825217>, You need to join a voice channel first!
Chat log [2020-5-8 0:48:20][Stepfather BotTester] [Ur stepfather]: !join
Chat log [2020-5-8 0:48:20][Stepfather BotTester] [Ur stepfather]: !join
[2020-5-8 1:19:s] ClosenessBot has started
[2020-5-8 1:20:s] ClosenessBot has started
Chat log [2020-5-8 1:20:9][Stepfather BotTester] [Ur stepfather]: !join
Chat log [2020-5-8 1:20:9][Stepfather BotTester] [Ur stepfather]: !help
[2020-5-8 1:23:s] ClosenessBot has started
Chat log [2020-5-8 1:23:33][Stepfather BotTester] [Ur stepfather]: !hh
[2020-5-8 1:25:s] ClosenessBot has started
Chat log [2020-5-8 1:25:50][Stepfather BotTester] [Ur stepfather]: !help
Chat log [2020-5-8 1:25:50][Stepfather BotTester] [Ur stepfather]: !rand
[2020-5-8 1:27:s] ClosenessBot has started
Chat log [2020-5-8 1:27:36][Stepfather BotTester] [Ur stepfather]: ssd
Chat log [2020-5-8 1:27:36][Stepfather BotTester] [Ur stepfather]: !ds
Chat log [2020-5-8 1:27:36][Stepfather BotTester] [Ur stepfather]: !help
Chat log [2020-5-8 1:27:36][Stepfather BotTester] [ClosenessBot]: 
Chat log [2020-5-8 1:27:36][Stepfather BotTester] [Ur stepfather]: !rand
[2020-5-8 1:28:s] ClosenessBot has started
Chat log [2020-5-8 1:28:18][Stepfather BotTester] [Ur stepfather]: !rand 20
Chat log [2020-5-8 1:28:18][Stepfather BotTester] [ClosenessBot]: Value from 0 to 20 - 11
[2020-5-8 1:34:s] ClosenessBot has started
Chat log [2020-5-8 1:34:51][Stepfather BotTester] [Ur stepfather]: !help
[2020-5-8 1:35:s] ClosenessBot has started
Chat log [2020-5-8 1:35:20][Stepfather BotTester] [Ur stepfather]: !help
Chat log [2020-5-8 1:35:20][Stepfather BotTester] [ClosenessBot]: 
[2020-5-8 1:41:s] ClosenessBot has started
Chat log [2020-5-8 1:41:14][Stepfather BotTester] [Ur stepfather]: !help
[2020-5-8 1:41:s] ClosenessBot has started
Chat log [2020-5-8 1:41:48][Stepfather BotTester] [Ur stepfather]: !help
Chat log [2020-5-8 1:41:48][Stepfather BotTester] [ClosenessBot]: 
[2020-5-8 2:12:s] ClosenessBot has started
Chat log [2020-5-8 2:12:14][Stepfather BotTester] [Ur stepfather]: !help
Chat log [2020-5-8 2:12:14][Stepfather BotTester] [ClosenessBot]: 
[2020-5-8 2:19:s] ClosenessBot has started
Chat log [2020-5-8 2:19:52][Stepfather BotTester] [Ur stepfather]: !help
Chat log [2020-5-8 2:19:52][Stepfather BotTester] [ClosenessBot]: 
[2020-5-8 2:21:s] ClosenessBot has started
Chat log [2020-5-8 2:21:15][Stepfather BotTester] [Ur stepfather]: !help
Chat log [2020-5-8 2:21:15][Stepfather BotTester] [ClosenessBot]: 
[2020-5-8 2:26:s] ClosenessBot has started
Chat log [2020-5-8 2:26:36][Stepfather BotTester] [Ur stepfather]: !help
Chat log [2020-5-8 2:26:36][Stepfather BotTester] [ClosenessBot]: 
[2020-5-8 2:33:s] ClosenessBot has started
Chat log [2020-5-8 2:33:52][Stepfather BotTester] [Ur stepfather]: !help
Chat log [2020-5-8 2:33:52][Stepfather BotTester] [ClosenessBot]: 
[2020-5-8 2:34:s] ClosenessBot has started
[2020-5-8 2:51:s] ClosenessBot has started
Chat log [2020-5-8 2:34:53][Stepfather BotTester] [Ur stepfather]: !pure
Chat log [2020-5-8 2:51:53][Stepfather BotTester] [Ur stepfather]: !pure
Chat log [2020-5-8 2:51:53][Stepfather BotTester] [Ur stepfather]: !purge
Chat log [2020-5-8 2:34:53][Stepfather BotTester] [Ur stepfather]: !purge
[2020-5-8 2:55:s] ClosenessBot has started
Chat log [2020-5-8 2:34:53][Stepfather BotTester] [Ur stepfather]: !purge
Chat log [2020-5-8 2:55:25][Stepfather BotTester] [Ur stepfather]: !purge
[2020-5-8 2:56:s] ClosenessBot has started
Chat log [2020-5-8 2:34:53][Stepfather BotTester] [Ur stepfather]: !purge
Chat log [2020-5-8 2:56:26][Stepfather BotTester] [Ur stepfather]: !purge
[2020-5-8 2:56:s] ClosenessBot has started
Chat log [2020-5-8 2:56:45][Stepfather BotTester] [Ur stepfather]: !purge 10
Chat log [2020-5-8 2:34:53][Stepfather BotTester] [Ur stepfather]: !purge 10
[2020-5-8 2:57:s] ClosenessBot has started
Chat log [2020-5-8 2:57:5][Stepfather BotTester] [Ur stepfather]: !purge 10
Chat log [2020-5-8 2:34:53][Stepfather BotTester] [Ur stepfather]: !purge 10
[2020-5-8 2:59:s] ClosenessBot has started
Chat log [2020-5-8 2:34:53][Stepfather BotTester] [Ur stepfather]: !purge 10
Chat log [2020-5-8 2:59:26][Stepfather BotTester] [Ur stepfather]: !purge 10
Chat log [2020-5-8 2:34:53][Stepfather BotTester] [Ur stepfather]: !purge 50
Chat log [2020-5-8 2:59:26][Stepfather BotTester] [Ur stepfather]: !purge 50
Chat log [2020-5-8 2:34:53][Stepfather BotTester] [Ur stepfather]: !purge 200
Chat log [2020-5-8 2:59:26][Stepfather BotTester] [Ur stepfather]: !purge 200
Chat log [2020-5-8 2:34:53][Stepfather BotTester] [ClosenessBot]: <@295862909714825217>, Please provide a number between 2 and 100 for the number of messages to delete
Chat log [2020-5-8 2:59:26][Stepfather BotTester] [ClosenessBot]: <@295862909714825217>, Please provide a number between 2 and 100 for the number of messages to delete
Chat log [2020-5-8 2:34:53][Stepfather BotTester] [Ur stepfather]: !purge 0
[2020-5-8 3:19:s] ClosenessBot has started
Chat log [2020-5-8 2:34:53][Stepfather BotTester] [Ur stepfather]: !rand 10
Chat log [2020-5-8 3:19:12][Stepfather BotTester] [Ur stepfather]: !rand 10
Chat log [2020-5-8 2:34:53][Stepfather BotTester] [ClosenessBot]: Value from 0 to 10 - 6
Chat log [2020-5-8 3:19:12][Stepfather BotTester] [ClosenessBot]: Value from 0 to 10 - 6
Chat log [2020-5-8 2:34:53][Stepfather BotTester] [Ur stepfather]: !rand 10
Chat log [2020-5-8 2:34:53][Stepfather BotTester] [ClosenessBot]: Value from 0 to 10 - 6
Chat log [2020-5-8 2:34:53][Stepfather BotTester] [Ur stepfather]: !rand 40
Chat log [2020-5-8 2:34:53][Stepfather BotTester] [ClosenessBot]: Value from 0 to 40 - 34
[2020-5-8 3:26:s] ClosenessBot has started
Chat log [2020-5-8 2:34:53][Stepfather BotTester] [Ur stepfather]: !help
Chat log [2020-5-8 3:26:24][Stepfather BotTester] [Ur stepfather]: !help
Chat log [2020-5-8 2:34:53][Stepfather BotTester] [ClosenessBot]: 
Chat log [2020-5-8 3:26:24][Stepfather BotTester] [ClosenessBot]: 
[2020-5-8 3:29:s] ClosenessBot has started
Chat log [2020-5-8 2:34:53][Stepfather BotTester] [Ur stepfather]: !help
Chat log [2020-5-8 3:29:28][Stepfather BotTester] [Ur stepfather]: !help
Chat log [2020-5-8 2:34:53][Stepfather BotTester] [ClosenessBot]: 
Chat log [2020-5-8 3:29:28][Stepfather BotTester] [ClosenessBot]: 
Chat log [2020-5-8 2:34:53][Stepfather BotTester] [ClosenessBot]: 
Chat log [2020-5-8 3:29:28][Stepfather BotTester] [ClosenessBot]: 
Chat log [2020-5-8 2:34:53][Stepfather BotTester] [Ur stepfather]: !rand 10
Chat log [2020-5-8 3:29:28][Stepfather BotTester] [Ur stepfather]: !rand 10
Chat log [2020-5-8 2:34:53][Stepfather BotTester] [ClosenessBot]: Value from 0 to 10 - 1
Chat log [2020-5-8 3:29:28][Stepfather BotTester] [ClosenessBot]: Value from 0 to 10 - 1
Chat log [2020-5-8 2:34:53][Stepfather BotTester] [ClosenessBot]: Value from 0 to 10 - 7
Chat log [2020-5-8 3:29:28][Stepfather BotTester] [ClosenessBot]: Value from 0 to 10 - 7
Chat log [2020-5-8 2:34:53][Stepfather BotTester] [Ur stepfather]: !purge 10
Chat log [2020-5-8 3:29:28][Stepfather BotTester] [Ur stepfather]: !purge 10
[2020-5-8 3:30:s] ClosenessBot has started
Chat log [2020-5-8 2:34:53][Stepfather BotTester] [Ur stepfather]: !purge 10
Chat log [2020-5-8 3:30:48][Stepfather BotTester] [Ur stepfather]: !purge 10
Chat log [2020-5-8 2:34:53][Stepfather BotTester] [Ur stepfather]: !purge 10
Chat log [2020-5-8 3:30:48][Stepfather BotTester] [Ur stepfather]: !purge 10
Chat log [2020-5-8 2:34:53][Stepfather BotTester] [Ur stepfather]: !purge 10
[2020-5-8 3:34:s] ClosenessBot has started
Chat log [2020-5-8 2:34:53][Stepfather BotTester] [Ur stepfather]: !purge 10
Chat log [2020-5-8 3:34:0][Stepfather BotTester] [Ur stepfather]: !purge 10
[2020-5-8 3:36:s] ClosenessBot has started
Chat log [2020-5-8 3:36:51][Stepfather BotTester] [Ur stepfather]: !purge 10
Chat log [2020-5-8 2:34:53][Stepfather BotTester] [Ur stepfather]: !purge 10
Chat log [2020-5-8 2:34:53][Stepfather BotTester] [Ur stepfather]: !help
Chat log [2020-5-8 3:36:51][Stepfather BotTester] [Ur stepfather]: !help
Chat log [2020-5-8 3:36:51][Stepfather BotTester] [ClosenessBot]: 
Chat log [2020-5-8 2:34:53][Stepfather BotTester] [ClosenessBot]: 
Chat log [2020-5-8 2:34:53][Stepfather BotTester] [ClosenessBot]: 
Chat log [2020-5-8 3:36:51][Stepfather BotTester] [ClosenessBot]: 
Chat log [2020-5-8 2:34:53][Stepfather BotTester] [Ur stepfather]: !rand 10
Chat log [2020-5-8 3:36:51][Stepfather BotTester] [Ur stepfather]: !rand 10
Chat log [2020-5-8 3:36:51][Stepfather BotTester] [ClosenessBot]: Value from 0 to 10 - 9
Chat log [2020-5-8 2:34:53][Stepfather BotTester] [ClosenessBot]: Value from 0 to 10 - 9
Chat log [2020-5-8 3:36:51][Stepfather BotTester] [ClosenessBot]: Value from 0 to 10 - 3
Chat log [2020-5-8 2:34:53][Stepfather BotTester] [ClosenessBot]: Value from 0 to 10 - 3
[2020-5-8 3:48:s] ClosenessBot has started
Chat log [2020-5-8 3:48:52][Stepfather BotTester] [Ur stepfather]: !rand 10
Chat log [2020-5-8 2:34:53][Stepfather BotTester] [Ur stepfather]: !rand 10
Chat log [2020-5-8 3:48:52][Stepfather BotTester] [ClosenessBot]: Value from 0 to 10 - 0
Chat log [2020-5-8 2:34:53][Stepfather BotTester] [ClosenessBot]: Value from 0 to 10 - 0
Chat log [2020-5-8 2:34:53][Stepfather BotTester] [ClosenessBot]: Value from 0 to 10 - 5
Chat log [2020-5-8 3:48:52][Stepfather BotTester] [ClosenessBot]: Value from 0 to 10 - 5
[2020-5-8 3:50:s] ClosenessBot has started
Chat log [2020-5-8 3:50:17][Stepfather BotTester] [Ur stepfather]: !help
Chat log [2020-5-8 2:34:53][Stepfather BotTester] [Ur stepfather]: !help
Chat log [2020-5-8 3:50:17][Stepfather BotTester] [ClosenessBot]: 
Chat log [2020-5-8 2:34:53][Stepfather BotTester] [ClosenessBot]: 
Chat log [2020-5-8 3:50:17][Stepfather BotTester] [ClosenessBot]: 
Chat log [2020-5-8 2:34:53][Stepfather BotTester] [ClosenessBot]: 
Chat log [2020-5-8 3:50:17][Stepfather BotTester] [ClosenessBot]: <@295862909714825217>, sisu
Chat log [2020-5-8 2:34:53][Stepfather BotTester] [ClosenessBot]: <@295862909714825217>, sisu
[2020-5-8 3:51:s] ClosenessBot has started
Chat log [2020-5-8 3:51:58][Stepfather BotTester] [Ur stepfather]: !help
Chat log [2020-5-8 2:34:53][Stepfather BotTester] [Ur stepfather]: !help
Chat log [2020-5-8 3:51:58][Stepfather BotTester] [ClosenessBot]: 
Chat log [2020-5-8 2:34:53][Stepfather BotTester] [ClosenessBot]: 
Chat log [2020-5-8 2:34:53][Stepfather BotTester] [ClosenessBot]: 
Chat log [2020-5-8 3:51:58][Stepfather BotTester] [ClosenessBot]: 
Chat log [2020-5-8 3:51:58][Stepfather BotTester] [Ur stepfather]: !purge 100
Chat log [2020-5-8 2:34:53][Stepfather BotTester] [Ur stepfather]: !purge 100
Chat log [2020-5-8 3:51:58][Stepfather BotTester] [Ur stepfather]: !purge  50
Chat log [2020-5-8 2:34:53][Stepfather BotTester] [Ur stepfather]: !purge  50
[2020-5-23 20:16:s] ClosenessBot has started
Chat log [2020-5-23 20:16:53][Stepfather BotTester] [Ur stepfather]: !rand
Chat log [2020-5-23 20:16:53][Stepfather BotTester] [ClosenessBot]: Error. Enter another value, this value so long
Chat log [2020-5-23 20:16:53][Stepfather BotTester] [Ur stepfather]: !rand 10
Chat log [2020-5-23 20:16:53][Stepfather BotTester] [ClosenessBot]: Value from 0 to 10 - 5
[2020-5-23 20:23:s] ClosenessBot has started
[2020-5-23 20:49:37] ClosenessBot has started
[2020-5-23 20:53:37] ClosenessBot has started
[2020-5-23 21:43:8] ClosenessBot has started
[2020-5-23 21:54:16] ClosenessBot has started
[2020-5-23 21:58:37] ClosenessBot has started
[2020-5-23 23:27:12] ClosenessBot has started
Chat log [2020-5-23 20:53:37][Stepfather BotTester] [Ur stepfather]: !help
Chat log [2020-5-23 20:53:37][Stepfather BotTester] [ClosenessBot]: 
Chat log [2020-5-23 20:53:37][Stepfather BotTester] [Ur stepfather]: !rand 10
Chat log [2020-5-23 20:53:37][Stepfather BotTester] [ClosenessBot]: Value from 0 to 10 - 0
Chat log [2020-5-23 20:53:37][Stepfather BotTester] [Ur stepfather]: !rand 50
Chat log [2020-5-23 20:53:37][Stepfather BotTester] [ClosenessBot]: Value from 0 to 50 - 3
Chat log [2020-5-23 20:53:37][Stepfather BotTester] [Ur stepfather]: !rand 8888
Chat log [2020-5-23 20:53:37][Stepfather BotTester] [ClosenessBot]: Value from 0 to 8888 - 4496
[2020-6-1 22:49:0] ClosenessBot has started
[2020-6-1 22:49:39] ClosenessBot has started
[2020-6-1 22:50:25] ClosenessBot has started
[2020-6-1 22:50:44] ClosenessBot has started
[2020-6-1 22:53:5] ClosenessBot has started
[2020-6-1 22:53:32] ClosenessBot has started
[2020-6-1 22:55:21] ClosenessBot has started
[2020-6-1 23:02:56] ClosenessBot has started
[2020-6-1 23:03:47] ClosenessBot has started
[2020-6-1 23:05:0] ClosenessBot has started
[2020-6-1 23:09:11] ClosenessBot has started
[2020-6-1 23:09:47] ClosenessBot has started
[2020-6-1 23:11:14] ClosenessBot has started
[2020-6-1 23:13:25] ClosenessBot has started
[2020-6-1 23:14:34] ClosenessBot has started
[2020-6-1 23:17:6] ClosenessBot has started
[2020-6-1 23:19:50] ClosenessBot has started
[2020-6-1 23:23:48] ClosenessBot has started
[2020-6-1 23:25:11] ClosenessBot has started
[2020-6-1 23:43:42] ClosenessBot has started
[2020-6-1 23:44:38] ClosenessBot has started
[2020-6-1 23:45:18] ClosenessBot has started
[2020-6-1 23:45:54] ClosenessBot has started
[2020-6-1 23:46:18] ClosenessBot has started
[2020-6-1 23:46:53] ClosenessBot has started
[2020-6-1 23:51:1] ClosenessBot has started
[2020-6-1 23:53:33] ClosenessBot has started
[2020-6-1 23:59:53] ClosenessBot has started
[2020-6-2 0:09:46] ClosenessBot has started
[2020-6-2 0:11:21] ClosenessBot has started
[2020-6-2 0:12:29] ClosenessBot has started
[2020-6-2 0:13:9] ClosenessBot has started
[2020-6-2 0:13:52] ClosenessBot has started
[2020-6-2 0:15:33] ClosenessBot has started
[2020-6-2 0:15:58] ClosenessBot has started
[2020-6-2 0:25:19] ClosenessBot has started
[2020-6-2 0:27:33] ClosenessBot has started
[2020-6-2 0:33:45] ClosenessBot has started
[2020-6-2 0:34:46] ClosenessBot has started
[2020-6-2 0:35:27] ClosenessBot has started
[2020-6-2 0:35:44] ClosenessBot has started
[2020-6-2 0:36:52] ClosenessBot has started
[2020-6-2 0:39:13] ClosenessBot has started
[2020-6-2 0:39:31] ClosenessBot has started
[2020-6-2 0:39:44] ClosenessBot has started
[2020-6-2 0:42:50] ClosenessBot has started
[2020-6-2 0:43:4] ClosenessBot has started
[2020-6-2 0:45:24] ClosenessBot has started
[2020-6-2 0:47:39] ClosenessBot has started
[2020-6-2 0:48:14] ClosenessBot has started
[2020-6-2 0:50:4] ClosenessBot has started
[2020-6-2 0:51:1] ClosenessBot has started
[2020-6-2 0:51:41] ClosenessBot has started
[2020-6-2 0:52:10] ClosenessBot has started
[2020-6-2 0:52:42] ClosenessBot has started
[2020-6-2 0:54:1] ClosenessBot has started
[2020-6-2 0:55:41] ClosenessBot has started
[2020-6-2 0:58:13] ClosenessBot has started
[2020-6-2 0:59:18] ClosenessBot has started
[2020-6-2 0:59:29] ClosenessBot has started
[2020-6-2 0:59:56] ClosenessBot has started
[2020-6-2 1:00:41] ClosenessBot has started
[2020-6-2 1:01:27] ClosenessBot has started
[2020-6-2 1:01:51] ClosenessBot has started
[2020-6-2 1:02:12] ClosenessBot has started
[2020-6-2 1:03:42] ClosenessBot has started
[2020-6-2 1:04:31] ClosenessBot has started
[2020-6-2 1:08:25] ClosenessBot has started
[2020-6-2 1:13:9] ClosenessBot has started
[2020-6-2 1:18:24] ClosenessBot has started
[2020-6-2 1:19:26] ClosenessBot has started
[2020-6-2 1:20:46] ClosenessBot has started
[2020-6-2 1:20:55] ClosenessBot has started
[2020-6-2 1:22:39] ClosenessBot has started
[2020-6-2 1:28:45] ClosenessBot has started
[2020-6-2 1:30:44] ClosenessBot has started
[2020-6-2 1:31:3] ClosenessBot has started
[2020-6-2 1:31:43] ClosenessBot has started
[2020-6-2 1:32:12] ClosenessBot has started
[2020-6-2 1:34:19] ClosenessBot has started
[2020-6-2 1:36:57] ClosenessBot has started
[2020-6-2 1:38:25] ClosenessBot has started
[2020-6-2 1:39:11] ClosenessBot has started
[2020-6-2 1:41:32] ClosenessBot has started
[2020-6-2 1:44:24] ClosenessBot has started
[2020-6-2 1:49:18] ClosenessBot has started
[2020-6-2 1:49:54] ClosenessBot has started
[2020-6-2 1:50:15] ClosenessBot has started
[2020-6-2 1:51:10] ClosenessBot has started
[2020-6-2 1:51:24] ClosenessBot has started
[2020-6-2 1:52:10] ClosenessBot has started
[2020-6-2 1:52:24] ClosenessBot has started
[2020-6-2 1:54:14] ClosenessBot has started
Chat log [2020-6-2 1:54:14][Stepfather BotTester] [Ur stepfather]: !join
[2020-6-2 1:57:51] ClosenessBot has started
[2020-6-2 2:03:7] ClosenessBot has started
[2020-6-2 2:03:31] ClosenessBot has started
[2020-6-2 2:03:46] ClosenessBot has started
[2020-6-2 2:04:21] ClosenessBot has started
[2020-6-2 2:04:44] ClosenessBot has started
[2020-6-2 2:05:22] ClosenessBot has started
[2020-6-2 2:07:38] ClosenessBot has started
[2020-6-2 2:10:56] ClosenessBot has started
[2020-6-2 2:11:21] ClosenessBot has started
[2020-6-2 2:13:17] ClosenessBot has started
[2020-6-2 2:14:8] ClosenessBot has started
[2020-6-2 2:16:4] ClosenessBot has started
[2020-6-2 2:17:36] ClosenessBot has started
[2020-6-2 2:19:9] ClosenessBot has started
[2020-6-2 2:20:33] ClosenessBot has started
[2020-6-2 2:21:10] ClosenessBot has started
[2020-6-2 2:21:35] ClosenessBot has started
[2020-6-2 2:22:50] ClosenessBot has started
[2020-6-2 2:24:15] ClosenessBot has started
[2020-6-2 2:29:26] ClosenessBot has started
[2020-6-2 2:36:47] ClosenessBot has started
[2020-6-2 2:39:31] ClosenessBot has started
[2020-6-2 2:40:46] ClosenessBot has started
[2020-6-2 2:41:35] ClosenessBot has started
[2020-6-2 2:43:7] ClosenessBot has started
[2020-6-2 2:44:9] ClosenessBot has started
[2020-6-2 2:45:19] ClosenessBot has started
[2020-6-2 2:46:1] ClosenessBot has started
[2020-6-2 2:48:38] ClosenessBot has started
[2020-6-2 2:48:52] ClosenessBot has started
[2020-6-2 2:50:14] ClosenessBot has started
[2020-6-2 2:51:25] ClosenessBot has started
[2020-6-2 2:51:39] ClosenessBot has started
[2020-6-2 2:56:3] ClosenessBot has started
[2020-6-2 2:57:48] ClosenessBot has started
[2020-6-2 2:59:32] ClosenessBot has started
[2020-6-2 3:01:54] ClosenessBot has started
[2020-6-2 3:02:46] ClosenessBot has started
[2020-6-2 3:03:8] ClosenessBot has started
[2020-6-2 3:05:1] ClosenessBot has started
[2020-6-2 3:05:53] ClosenessBot has started
[2020-6-2 3:06:25] ClosenessBot has started
[2020-6-2 3:07:10] ClosenessBot has started
[2020-6-2 3:08:57] ClosenessBot has started
[2020-6-2 3:10:33] ClosenessBot has started
[2020-6-2 3:10:48] ClosenessBot has started
[2020-6-2 3:11:0] ClosenessBot has started
[2020-6-2 3:11:19] ClosenessBot has started
[2020-6-2 3:19:16] ClosenessBot has started
[2020-6-2 3:19:39] ClosenessBot has started
[2020-6-2 3:20:55] ClosenessBot has started
[2020-6-2 3:21:21] ClosenessBot has started
[2020-6-2 3:21:53] ClosenessBot has started
[2020-6-2 3:22:57] ClosenessBot has started
[2020-6-2 3:23:54] ClosenessBot has started
[2020-6-2 3:24:34] ClosenessBot has started
[2020-6-2 3:26:24] ClosenessBot has started
[2020-6-2 3:27:33] ClosenessBot has started
[2020-6-2 3:28:20] ClosenessBot has started
[2020-6-2 3:29:30] ClosenessBot has started
[2020-6-2 3:31:0] ClosenessBot has started
[2020-6-2 3:32:38] ClosenessBot has started
[2020-6-2 3:34:53] ClosenessBot has started
[2020-6-2 3:36:14] ClosenessBot has started
[2020-6-2 3:36:59] ClosenessBot has started
[2020-6-2 3:38:10] ClosenessBot has started
[2020-6-2 3:38:53] ClosenessBot has started
[2020-6-2 3:39:46] ClosenessBot has started
[2020-6-2 3:40:29] ClosenessBot has started
[2020-6-2 3:42:25] Stepfather has started
Chat log [2020-6-2 3:42:25][Stepfather BotTester] [Ur stepfather]: !rand 10
Chat log [2020-6-2 3:42:25][Stepfather BotTester] [Stepfather]: Value from 0 to 10 - 4
Chat log [2020-6-2 3:42:25][Stepfather BotTester] [Ur stepfather]: !rand 20
Chat log [2020-6-2 3:42:25][Stepfather BotTester] [Stepfather]: Value from 0 to 20 - 13
[2020-6-2 3:44:17] Stepfather has started
Chat log [2020-6-2 3:44:17][Stepfather BotTester] [если что не оля]: 
[2020-6-2 4:01:45] Stepfather has started
Chat log [2020-6-2 4:01:45][Stepfather BotTester] [Ur stepfather]: !help
Chat log [2020-6-2 4:01:45][Stepfather BotTester] [Stepfather]: 
